\BOOKMARK [0][]{chapter*.8}{\376\377\000I\000N\000T\000R\000O\000D\000U\000C\000T\000I\000O\000N}{}% 1
\BOOKMARK [0][]{chapter.10}{\376\377\000C\000h\000a\000p\000i\000t\000r\000e\000\040\0001\000\040\000T\000e\000s\000t\000\040\000d\000e\000\040\000l\000o\000n\000g\000\040\000t\000i\000t\000r\000e\000\040\000d\000e\000\040\000C\000h\000a\000p\000i\000t\000r\000e\000,\000\040\000a\000v\000e\000c\000\040\000r\000e\000t\000o\000u\000r\000\040\000\340\000\040\000l\000a\000\040\000l\000i\000g\000n\000e\000.\000\040\000L\000o\000r\000e\000m\000\040\000i\000p\000s\000u\000m\000\040\000d\000o\000l\000o\000r\000\040\000s\000i\000t\000\040\000a\000m\000e\000t\000,\000\040\000c\000o\000n\000s\000e\000c\000t\000e\000t\000u\000r\000\040\000a\000d\000i\000p\000i\000s\000c\000i\000n\000g\000\040\000e\000l\000i\000t\000.\000\040\000P\000e\000l\000l\000e\000n\000t\000e\000s\000q\000u\000e\000\040\000j\000u\000s\000t\000o\000\040\000j\000u\000s\000t\000o\000,\000\040\000p\000o\000r\000t\000a\000\040\000s\000a\000g\000i\000t\000t\000i\000s\000\040\000f\000e\000u\000g\000i\000a\000t\000\040\000e\000g\000e\000t\000,\000\040\000o\000r\000n\000a\000r\000e\000\040\000r\000h\000o\000n\000c\000u\000s\000\040\000l\000i\000g\000u\000l\000a\000.\000\040\000N\000u\000n\000c\000\040\000n\000o\000n\000\040\000o\000d\000i\000o\000\040\000s\000e\000d\000\040\000l\000a\000c\000u\000s\000\040\000r\000u\000t\000r\000u\000m\000\040\000r\000h\000o\000n\000c\000u\000s\000.\000\040}{}% 2
\BOOKMARK [1][]{section.11}{\376\377\000T\000e\000s\000t\000s\000\040\000d\000e\000\040\000m\000i\000s\000e\000\040\000e\000n\000\040\000p\000a\000g\000e}{chapter.10}% 3
\BOOKMARK [2][-]{subsection.12}{\376\377\000T\000e\000s\000t\000\040\000d\000e\000s\000\040\000l\000i\000s\000t\000i\000n\000g\000s}{section.11}% 4
\BOOKMARK [3][-]{subsubsection.13}{\376\377\000\311\000n\000u\000m\000\351\000r\000a\000t\000i\000o\000n\000s\000:\000\040\000e\000n\000v\000i\000r\000o\000n\000e\000m\000e\000n\000t\000\040\000e\000n\000u\000m}{subsection.12}% 5
\BOOKMARK [3][-]{subsubsection.16}{\376\377\000L\000i\000s\000t\000e\000s\000:\000\040\000e\000n\000v\000i\000r\000o\000n\000e\000m\000e\000n\000t\000\040\000i\000t\000e\000m\000i\000z\000e}{subsection.12}% 6
\BOOKMARK [2][-]{subsection.17}{\376\377\000T\000e\000s\000t\000\040\000d\000e\000s\000\040\000\351\000q\000u\000a\000t\000i\000o\000n\000s}{section.11}% 7
\BOOKMARK [1][]{section.22}{\376\377\000S\000e\000c\000o\000n\000d\000e\000\040\000s\000e\000c\000t\000i\000o\000n}{chapter.10}% 8
\BOOKMARK [0][]{chapter.41}{\376\377\000C\000h\000a\000p\000i\000t\000r\000e\000\040\0002\000\040\000A\000j\000o\000u\000t\000\040\000d\000'\000u\000n\000\040\000s\000e\000c\000o\000n\000d\000\040\000c\000h\000a\000p\000i\000t\000r\000e\000\040}{}% 9
\BOOKMARK [1][]{section.42}{\376\377\000T\000e\000s\000t\000\040\000d\000e\000\040\000m\000i\000s\000e\000\040\000e\000n\000\040\000p\000a\000g\000e\000\040\000d\000'\000u\000n\000\040\000t\000a\000b\000l\000e\000a\000u}{chapter.41}% 10
\BOOKMARK [1][]{section.44}{\376\377\000T\000e\000s\000t\000\040\000d\000e\000s\000\040\000r\000\351\000f\000\351\000r\000e\000n\000c\000e\000s}{chapter.41}% 11
\BOOKMARK [2][-]{subsection.45}{\376\377\000R\000\351\000f\000\351\000r\000e\000n\000c\000e\000s\000\040\000\340\000\040\000l\000a\000\040\000b\000i\000b\000l\000i\000o\000g\000r\000a\000p\000h\000i\000e}{section.44}% 12
\BOOKMARK [2][-]{subsection.46}{\376\377\000R\000\351\000f\000\351\000r\000e\000n\000c\000e\000s\000\040\000\340\000\040\000l\000a\000\040\000l\000i\000s\000t\000e\000\040\000d\000e\000\040\000r\000\351\000f\000\351\000r\000e\000n\000c\000e\000s\000\040\000"\000r\000e\000f\000s\000"}{section.44}% 13
\BOOKMARK [2][-]{subsection.47}{\376\377\000R\000\351\000f\000\351\000r\000e\000n\000c\000e\000s\000\040\000\340\000\040\000u\000n\000\040\000l\000a\000b\000e\000l\000\040\000d\000u\000\040\000d\000o\000c\000u\000m\000e\000n\000t}{section.44}% 14
\BOOKMARK [2][-]{subsection.48}{\376\377\000R\000\351\000f\000\351\000r\000e\000n\000c\000e\000s\000\040\000\340\000\040\000d\000e\000s\000\040\000a\000d\000r\000e\000s\000s\000e\000s}{section.44}% 15
\BOOKMARK [3][-]{subsubsection.49}{\376\377\000T\000e\000s\000t\000\040\000d\000e\000\040\000h\000r\000e\000f}{subsection.48}% 16
\BOOKMARK [3][-]{subsubsection.50}{\376\377\000T\000e\000s\000t\000\040\000d\000e\000\040\000u\000r\000l}{subsection.48}% 17
\BOOKMARK [0][]{chapter.51}{\376\377\000C\000h\000a\000p\000i\000t\000r\000e\000\040\0003\000\040\000E\000x\000e\000m\000p\000l\000e\000\040\000d\000e\000\040\000t\000h\000\350\000s\000e\000\040\000p\000a\000r\000\040\000a\000r\000t\000i\000c\000l\000e\000s\000\040\000i\000n\000t\000\351\000g\000r\000\351\000s\000\040}{}% 18
\BOOKMARK [1][]{section.52}{\376\377\000S\000e\000c\000t\000i\000o\000n\000\040\0001}{chapter.51}% 19
\BOOKMARK [0][]{chapter*.53}{\376\377\000C\000O\000N\000C\000L\000U\000S\000I\000O\000N\000\040\000E\000T\000\040\000R\000E\000C\000O\000M\000M\000A\000N\000D\000A\000T\000I\000O\000N\000S}{}% 20
\BOOKMARK [0][]{chapter.54}{\376\377\000A\000n\000n\000e\000x\000e\000\040\000I\000\040\000T\000e\000s\000t\000\040\000d\000'\000u\000n\000e\000\040\000a\000n\000n\000e\000x\000e\000\040}{}% 21
\BOOKMARK [0][]{tableap.caption.59}{\376\377\000B\000I\000B\000L\000I\000O\000G\000R\000A\000P\000H\000I\000E}{}% 22
\BOOKMARK [0][]{chapter*.60}{\376\377\000L\000I\000S\000T\000E\000\040\000D\000E\000\040\000R\000\311\000F\000\311\000R\000E\000N\000C\000E\000S}{}% 23
